<?xml version="1.0" encoding="UTF-8"?>
<testng-results ignored="0" total="1" passed="1" failed="0" skipped="0">
  <reporter-output>
  </reporter-output>
  <suite started-at="2021-05-09T18:28:38 IST" name="Surefire suite" finished-at="2021-05-09T18:28:38 IST" duration-ms="32">
    <groups>
    </groups>
    <test started-at="2021-05-09T18:28:38 IST" name="Surefire test" finished-at="2021-05-09T18:28:38 IST" duration-ms="32">
      <class name="ToolsQA.Demo.AppTest">
        <test-method signature="shouldAnswerWithTrue()" started-at="2021-05-09T18:28:38 IST" name="shouldAnswerWithTrue" finished-at="2021-05-09T18:28:38 IST" duration-ms="4" status="PASS">
          <reporter-output>
          </reporter-output>
        </test-method> <!-- shouldAnswerWithTrue -->
      </class> <!-- ToolsQA.Demo.AppTest -->
    </test> <!-- Surefire test -->
  </suite> <!-- Surefire suite -->
</testng-results>
