<?xml version="1.0" encoding="UTF-8"?>
<!-- Generated by org.testng.reporters.JUnitXMLReporter -->
<testsuite ignored="0" hostname="PUN-NB-LE1HJCN" failures="0" tests="3" name="Surefire test" time="17.01" errors="0" timestamp="2021-05-09T18:49:57 IST">
  <testcase classname="ToolsQA.Demo.CreateBookingTests" name="CreateBooking_VerifyCreatedSuccessfully" time="5.762"/>
  <testcase classname="ToolsQA.Demo.DeleteBookingTests" name="DeleteBooking_VerifyUpdatedSuccessfully" time="6.748"/>
  <testcase classname="ToolsQA.Demo.UpdateBookingTests" name="UpdateBooking_VerifyUpdatedSuccessfully" time="4.463"/>
</testsuite> <!-- Surefire test -->
