<?xml version="1.0" encoding="UTF-8"?>
<testng-results ignored="0" total="3" passed="3" failed="0" skipped="0">
  <reporter-output>
  </reporter-output>
  <suite started-at="2021-05-09T18:49:40 IST" name="Surefire suite" finished-at="2021-05-09T18:49:57 IST" duration-ms="17010">
    <groups>
    </groups>
    <test started-at="2021-05-09T18:49:40 IST" name="Surefire test" finished-at="2021-05-09T18:49:57 IST" duration-ms="17010">
      <class name="ToolsQA.Demo.UpdateBookingTests">
        <test-method signature="UpdateBooking_VerifyUpdatedSuccessfully()[pri:0, instance:ToolsQA.Demo.UpdateBookingTests@4c583ecf]" started-at="2021-05-09T18:49:53 IST" name="UpdateBooking_VerifyUpdatedSuccessfully" finished-at="2021-05-09T18:49:57 IST" duration-ms="4463" status="PASS">
          <reporter-output>
          </reporter-output>
        </test-method> <!-- UpdateBooking_VerifyUpdatedSuccessfully -->
      </class> <!-- ToolsQA.Demo.UpdateBookingTests -->
      <class name="ToolsQA.Demo.CreateBookingTests">
        <test-method signature="CreateBooking_VerifyCreatedSuccessfully()[pri:0, instance:ToolsQA.Demo.CreateBookingTests@4d5d943d]" started-at="2021-05-09T18:49:40 IST" name="CreateBooking_VerifyCreatedSuccessfully" finished-at="2021-05-09T18:49:46 IST" duration-ms="5762" status="PASS">
          <reporter-output>
          </reporter-output>
        </test-method> <!-- CreateBooking_VerifyCreatedSuccessfully -->
      </class> <!-- ToolsQA.Demo.CreateBookingTests -->
      <class name="ToolsQA.Demo.DeleteBookingTests">
        <test-method signature="DeleteBooking_VerifyUpdatedSuccessfully()[pri:0, instance:ToolsQA.Demo.DeleteBookingTests@368f2016]" started-at="2021-05-09T18:49:46 IST" name="DeleteBooking_VerifyUpdatedSuccessfully" finished-at="2021-05-09T18:49:53 IST" duration-ms="6748" status="PASS">
          <reporter-output>
          </reporter-output>
        </test-method> <!-- DeleteBooking_VerifyUpdatedSuccessfully -->
      </class> <!-- ToolsQA.Demo.DeleteBookingTests -->
    </test> <!-- Surefire test -->
  </suite> <!-- Surefire suite -->
</testng-results>
