<?xml version="1.0" encoding="UTF-8"?>
<testsuite xmlns:xsi="http://www.w3.org/2001/XMLSchema-instance" xsi:noNamespaceSchemaLocation="https://maven.apache.org/surefire/maven-surefire-plugin/xsd/surefire-test-report.xsd" name="TestSuite" time="17.367" tests="3" errors="0" skipped="0" failures="0">
  <properties>
[...]
</properties>
  <testcase name="CreateBooking_VerifyCreatedSuccessfully" classname="ToolsQA.Demo.CreateBookingTests" time="5.764"/>
  <testcase name="DeleteBooking_VerifyUpdatedSuccessfully" classname="ToolsQA.Demo.DeleteBookingTests" time="6.75"/>
  <testcase name="UpdateBooking_VerifyUpdatedSuccessfully" classname="ToolsQA.Demo.UpdateBookingTests" time="4.46"/>
</testsuite>